2022-06-19 17:14:58,999 INFO org.springframework.boot.StartupInfoLogger [restartedMain] Starting ReimbursementSystemApplication using Java 14 on Admin with PID 9892 (D:\Revature Training Material & Videos\P2 -ERS\Expense-Reimbusement-System-v2\reimbursement-system.zip_expanded\reimbursement-system\target\classes started by gouth in D:\Revature Training Material & Videos\P2 -ERS\Expense-Reimbusement-System-v2\reimbursement-system.zip_expanded\reimbursement-system)
2022-06-19 17:14:59,000 DEBUG org.springframework.boot.StartupInfoLogger [restartedMain] Running with Spring Boot v2.7.0, Spring v5.3.20
2022-06-19 17:14:59,001 INFO org.springframework.boot.SpringApplication [restartedMain] No active profile set, falling back to 1 default profile: "default"
2022-06-19 17:15:21,230 INFO org.springframework.boot.StartupInfoLogger [restartedMain] Started ReimbursementSystemApplication in 23.272 seconds (JVM running for 44.442)
2022-06-19 17:16:02,449 INFO org.springframework.boot.StartupInfoLogger [restartedMain] Starting ReimbursementSystemApplication using Java 14 on Admin with PID 9892 (D:\Revature Training Material & Videos\P2 -ERS\Expense-Reimbusement-System-v2\reimbursement-system.zip_expanded\reimbursement-system\target\classes started by gouth in D:\Revature Training Material & Videos\P2 -ERS\Expense-Reimbusement-System-v2\reimbursement-system.zip_expanded\reimbursement-system)
2022-06-19 17:16:02,450 DEBUG org.springframework.boot.StartupInfoLogger [restartedMain] Running with Spring Boot v2.7.0, Spring v5.3.20
2022-06-19 17:16:02,450 INFO org.springframework.boot.SpringApplication [restartedMain] No active profile set, falling back to 1 default profile: "default"
2022-06-19 17:16:05,722 INFO org.springframework.boot.StartupInfoLogger [restartedMain] Started ReimbursementSystemApplication in 3.388 seconds (JVM running for 88.933)
2022-06-19 17:16:07,373 INFO org.springframework.boot.StartupInfoLogger [restartedMain] Starting ReimbursementSystemApplication using Java 14 on Admin with PID 9892 (D:\Revature Training Material & Videos\P2 -ERS\Expense-Reimbusement-System-v2\reimbursement-system.zip_expanded\reimbursement-system\target\classes started by gouth in D:\Revature Training Material & Videos\P2 -ERS\Expense-Reimbusement-System-v2\reimbursement-system.zip_expanded\reimbursement-system)
2022-06-19 17:16:07,374 DEBUG org.springframework.boot.StartupInfoLogger [restartedMain] Running with Spring Boot v2.7.0, Spring v5.3.20
2022-06-19 17:16:07,374 INFO org.springframework.boot.SpringApplication [restartedMain] No active profile set, falling back to 1 default profile: "default"
2022-06-19 17:16:09,266 INFO org.springframework.boot.StartupInfoLogger [restartedMain] Started ReimbursementSystemApplication in 1.954 seconds (JVM running for 92.478)
2022-06-19 17:16:13,366 INFO com.expense.reimbursementsystem.aop.LoggingAspect [http-nio-5555-exec-2] Entering EmployeeController.com.expense.reimbursementsystem.contoller.EmployeeController
2022-06-19 17:16:13,389 INFO com.expense.reimbursementsystem.aop.LoggingAspect [http-nio-5555-exec-2] Entering EmployeeServiceImpl.com.expense.reimbursementsystem.service.EmployeeServiceImpl
2022-06-19 17:16:13,401 INFO com.expense.reimbursementsystem.aop.LoggingAspect [http-nio-5555-exec-2] Entering EmployeeDao.com.expense.reimbursementsystem.dao.EmployeeDao
2022-06-19 17:16:13,808 INFO com.expense.reimbursementsystem.aop.LoggingAspect [http-nio-5555-exec-2] Exiting EmployeeDao.com.expense.reimbursementsystem.dao.EmployeeDao
2022-06-19 17:16:13,808 INFO com.expense.reimbursementsystem.aop.LoggingAspect [http-nio-5555-exec-2] Exiting EmployeeServiceImpl.com.expense.reimbursementsystem.service.EmployeeServiceImpl
2022-06-19 17:16:13,809 INFO com.expense.reimbursementsystem.aop.LoggingAspect [http-nio-5555-exec-2] Exiting EmployeeController.com.expense.reimbursementsystem.contoller.EmployeeController
2022-06-19 17:17:35,626 INFO org.springframework.boot.StartupInfoLogger [restartedMain] Starting ReimbursementSystemApplication using Java 14 on Admin with PID 13792 (D:\Revature Training Material & Videos\P2 -ERS\Expense-Reimbusement-System-v2\reimbursement-system.zip_expanded\reimbursement-system\target\classes started by gouth in D:\Revature Training Material & Videos\P2 -ERS\Expense-Reimbusement-System-v2\reimbursement-system.zip_expanded\reimbursement-system)
2022-06-19 17:17:35,628 DEBUG org.springframework.boot.StartupInfoLogger [restartedMain] Running with Spring Boot v2.7.0, Spring v5.3.20
2022-06-19 17:17:35,629 INFO org.springframework.boot.SpringApplication [restartedMain] No active profile set, falling back to 1 default profile: "default"
2022-06-19 17:17:43,828 INFO org.springframework.boot.StartupInfoLogger [restartedMain] Started ReimbursementSystemApplication in 9.053 seconds (JVM running for 9.748)
2022-06-19 17:19:12,066 INFO com.expense.reimbursementsystem.aop.LoggingAspect [http-nio-5555-exec-1] Entering EmployeeController.com.expense.reimbursementsystem.contoller.EmployeeController
2022-06-19 17:19:12,089 INFO com.expense.reimbursementsystem.aop.LoggingAspect [http-nio-5555-exec-1] Entering EmployeeServiceImpl.com.expense.reimbursementsystem.service.EmployeeServiceImpl
2022-06-19 17:19:12,098 INFO com.expense.reimbursementsystem.aop.LoggingAspect [http-nio-5555-exec-1] Entering EmployeeDao.com.expense.reimbursementsystem.dao.EmployeeDao
2022-06-19 17:19:12,327 INFO com.expense.reimbursementsystem.aop.LoggingAspect [http-nio-5555-exec-1] Exiting EmployeeDao.com.expense.reimbursementsystem.dao.EmployeeDao
2022-06-19 17:19:12,328 INFO com.expense.reimbursementsystem.aop.LoggingAspect [http-nio-5555-exec-1] Exiting EmployeeServiceImpl.com.expense.reimbursementsystem.service.EmployeeServiceImpl
2022-06-19 17:19:12,328 INFO com.expense.reimbursementsystem.aop.LoggingAspect [http-nio-5555-exec-1] Exiting EmployeeController.com.expense.reimbursementsystem.contoller.EmployeeController
2022-06-19 17:22:20,549 INFO com.expense.reimbursementsystem.aop.LoggingAspect [http-nio-5555-exec-3] Entering EmployeeController.com.expense.reimbursementsystem.contoller.EmployeeController
2022-06-19 17:22:20,549 INFO com.expense.reimbursementsystem.aop.LoggingAspect [http-nio-5555-exec-3] Entering EmployeeServiceImpl.com.expense.reimbursementsystem.service.EmployeeServiceImpl
2022-06-19 17:22:20,550 INFO com.expense.reimbursementsystem.aop.LoggingAspect [http-nio-5555-exec-3] Entering EmployeeDao.com.expense.reimbursementsystem.dao.EmployeeDao
2022-06-19 17:22:20,554 INFO com.expense.reimbursementsystem.aop.LoggingAspect [http-nio-5555-exec-3] Exiting EmployeeDao.com.expense.reimbursementsystem.dao.EmployeeDao
2022-06-19 17:22:20,554 INFO com.expense.reimbursementsystem.aop.LoggingAspect [http-nio-5555-exec-3] Exiting EmployeeServiceImpl.com.expense.reimbursementsystem.service.EmployeeServiceImpl
2022-06-19 17:22:20,554 INFO com.expense.reimbursementsystem.aop.LoggingAspect [http-nio-5555-exec-3] Exiting EmployeeController.com.expense.reimbursementsystem.contoller.EmployeeController
2022-06-19 17:30:17,082 INFO org.springframework.boot.StartupInfoLogger [restartedMain] Starting ReimbursementSystemApplication using Java 14 on Admin with PID 13792 (D:\Revature Training Material & Videos\P2 -ERS\Expense-Reimbusement-System-v2\reimbursement-system.zip_expanded\reimbursement-system\target\classes started by gouth in D:\Revature Training Material & Videos\P2 -ERS\Expense-Reimbusement-System-v2\reimbursement-system.zip_expanded\reimbursement-system)
2022-06-19 17:30:17,083 DEBUG org.springframework.boot.StartupInfoLogger [restartedMain] Running with Spring Boot v2.7.0, Spring v5.3.20
2022-06-19 17:30:17,084 INFO org.springframework.boot.SpringApplication [restartedMain] No active profile set, falling back to 1 default profile: "default"
2022-06-19 17:30:19,467 INFO org.springframework.boot.StartupInfoLogger [restartedMain] Started ReimbursementSystemApplication in 2.446 seconds (JVM running for 765.386)
2022-06-19 17:30:33,530 INFO com.expense.reimbursementsystem.aop.LoggingAspect [http-nio-5555-exec-1] Entering EmployeeController.com.expense.reimbursementsystem.contoller.EmployeeController
2022-06-19 17:30:33,535 INFO com.expense.reimbursementsystem.aop.LoggingAspect [http-nio-5555-exec-1] Entering EmployeeServiceImpl.com.expense.reimbursementsystem.service.EmployeeServiceImpl
2022-06-19 17:30:33,541 INFO com.expense.reimbursementsystem.aop.LoggingAspect [http-nio-5555-exec-1] Entering EmployeeDao.com.expense.reimbursementsystem.dao.EmployeeDao
2022-06-19 17:30:33,549 INFO com.expense.reimbursementsystem.aop.LoggingAspect [http-nio-5555-exec-1] Exiting EmployeeDao.com.expense.reimbursementsystem.dao.EmployeeDao
2022-06-19 17:30:33,549 INFO com.expense.reimbursementsystem.aop.LoggingAspect [http-nio-5555-exec-1] Exiting EmployeeServiceImpl.com.expense.reimbursementsystem.service.EmployeeServiceImpl
2022-06-19 17:30:33,550 INFO com.expense.reimbursementsystem.aop.LoggingAspect [http-nio-5555-exec-1] Exiting EmployeeController.com.expense.reimbursementsystem.contoller.EmployeeController
2022-06-19 17:34:14,346 INFO org.springframework.boot.StartupInfoLogger [restartedMain] Starting ReimbursementSystemApplication using Java 14 on Admin with PID 3724 (D:\Revature Training Material & Videos\P2 -ERS\Expense-Reimbusement-System-v2\reimbursement-system.zip_expanded\reimbursement-system\target\classes started by gouth in D:\Revature Training Material & Videos\P2 -ERS\Expense-Reimbusement-System-v2\reimbursement-system.zip_expanded\reimbursement-system)
2022-06-19 17:34:14,347 DEBUG org.springframework.boot.StartupInfoLogger [restartedMain] Running with Spring Boot v2.7.0, Spring v5.3.20
2022-06-19 17:34:14,349 INFO org.springframework.boot.SpringApplication [restartedMain] No active profile set, falling back to 1 default profile: "default"
2022-06-19 17:34:20,181 INFO org.springframework.boot.StartupInfoLogger [restartedMain] Started ReimbursementSystemApplication in 6.365 seconds (JVM running for 6.994)
2022-06-19 17:35:07,224 INFO com.expense.reimbursementsystem.aop.LoggingAspect [http-nio-5555-exec-1] Entering EmployeeController.com.expense.reimbursementsystem.contoller.EmployeeController
2022-06-19 17:35:07,253 INFO com.expense.reimbursementsystem.aop.LoggingAspect [http-nio-5555-exec-1] Entering EmployeeServiceImpl.com.expense.reimbursementsystem.service.EmployeeServiceImpl
2022-06-19 17:35:07,265 INFO com.expense.reimbursementsystem.aop.LoggingAspect [http-nio-5555-exec-1] Entering EmployeeDao.com.expense.reimbursementsystem.dao.EmployeeDao
2022-06-19 17:35:07,482 INFO com.expense.reimbursementsystem.aop.LoggingAspect [http-nio-5555-exec-1] Exiting EmployeeDao.com.expense.reimbursementsystem.dao.EmployeeDao
2022-06-19 17:35:07,483 INFO com.expense.reimbursementsystem.aop.LoggingAspect [http-nio-5555-exec-1] Exiting EmployeeServiceImpl.com.expense.reimbursementsystem.service.EmployeeServiceImpl
2022-06-19 17:35:07,483 INFO com.expense.reimbursementsystem.aop.LoggingAspect [http-nio-5555-exec-1] Exiting EmployeeController.com.expense.reimbursementsystem.contoller.EmployeeController
2022-06-19 17:35:07,576 INFO com.expense.reimbursementsystem.aop.LoggingAspect [http-nio-5555-exec-2] Entering EmployeeController.com.expense.reimbursementsystem.contoller.EmployeeController
2022-06-19 17:35:07,577 INFO com.expense.reimbursementsystem.aop.LoggingAspect [http-nio-5555-exec-2] Entering EmployeeServiceImpl.com.expense.reimbursementsystem.service.EmployeeServiceImpl
2022-06-19 17:35:07,669 INFO com.expense.reimbursementsystem.aop.LoggingAspect [http-nio-5555-exec-2] Exiting EmployeeServiceImpl.com.expense.reimbursementsystem.service.EmployeeServiceImpl
2022-06-19 17:35:07,670 INFO com.expense.reimbursementsystem.aop.LoggingAspect [http-nio-5555-exec-2] Exiting EmployeeController.com.expense.reimbursementsystem.contoller.EmployeeController
